Avcall/build/outputs/logs/manifest-merger-debug-report.txt
-- Merging decision tree log ---
manifest
ADDED from Avcall-android/Avcall/AndroidManifest.xml:2:1-493:12
	package
		ADDED from Avcall-android/Avcall/AndroidManifest.xml:4:5-29
		INJECTED from Avcall-android/Avcall/AndroidManifest.xml
		INJECTED from Avcall-android/Avcall/AndroidManifest.xml
	android:versionName
		ADDED from Avcall-android/Avcall/AndroidManifest.xml:6:5-32
		INJECTED from Avcall-android/Avcall/AndroidManifest.xml
		INJECTED from Avcall-android/Avcall/AndroidManifest.xml
	xmlns:tools
		ADDED from Avcall-android/Avcall/AndroidManifest.xml:3:5-51
	android:versionCode
		ADDED from Avcall-android/Avcall/AndroidManifest.xml:5:5-29
		INJECTED from Avcall-android/Avcall/AndroidManifest.xml
		INJECTED from Avcall-android/Avcall/AndroidManifest.xml
	xmlns:android
		ADDED from Avcall-android/Avcall/AndroidManifest.xml:2:11-69
uses-sdk
ADDED from Avcall-android/Avcall/AndroidManifest.xml:8:5-11:59
MERGED from [com.android.support:multidex:1.0.1] AndroidManifest.xml:18:5-42
MERGED from [Avcall:redpacketlibrary:unspecified] AndroidManifest.xml:7:5-9:41
MERGED from [Avcall:EaseUI:unspecified] AndroidManifest.xml:7:5-9:41
MERGED from [Avcall:EaseUI:unspecified] AndroidManifest.xml:7:5-9:41
	tools:overrideLibrary
		ADDED from Avcall-android/Avcall/AndroidManifest.xml:11:9-56
	android:targetSdkVersion
		ADDED from Avcall-android/Avcall/AndroidManifest.xml:10:9-38
		INJECTED from Avcall-android/Avcall/AndroidManifest.xml
		INJECTED from Avcall-android/Avcall/AndroidManifest.xml
	android:minSdkVersion
		ADDED from Avcall-android/Avcall/AndroidManifest.xml:9:9-35
		INJECTED from Avcall-android/Avcall/AndroidManifest.xml
		INJECTED from Avcall-android/Avcall/AndroidManifest.xml
uses-permission#android.permission.VIBRATE
ADDED from Avcall-android/Avcall/AndroidManifest.xml:13:5-66
	android:name
		ADDED from Avcall-android/Avcall/AndroidManifest.xml:13:22-63
uses-permission#android.permission.INTERNET
ADDED from Avcall-android/Avcall/AndroidManifest.xml:14:5-67
	android:name
		ADDED from Avcall-android/Avcall/AndroidManifest.xml:14:22-64
uses-permission#android.permission.RECORD_AUDIO
ADDED from Avcall-android/Avcall/AndroidManifest.xml:15:5-71
	android:name
		ADDED from Avcall-android/Avcall/AndroidManifest.xml:15:22-68
uses-permission#android.permission.CAMERA
ADDED from Avcall-android/Avcall/AndroidManifest.xml:16:5-65
	android:name
		ADDED from Avcall-android/Avcall/AndroidManifest.xml:16:22-62
uses-permission#android.permission.ACCESS_NETWORK_STATE
ADDED from Avcall-android/Avcall/AndroidManifest.xml:17:5-79
	android:name
		ADDED from Avcall-android/Avcall/AndroidManifest.xml:17:22-76
uses-permission#android.permission.WRITE_EXTERNAL_STORAGE
ADDED from Avcall-android/Avcall/AndroidManifest.xml:18:5-81
	android:name
		ADDED from Avcall-android/Avcall/AndroidManifest.xml:18:22-78
uses-permission#android.permission.MOUNT_UNMOUNT_FILESYSTEMS
ADDED from Avcall-android/Avcall/AndroidManifest.xml:19:5-84
	android:name
		ADDED from Avcall-android/Avcall/AndroidManifest.xml:19:22-81
uses-permission#android.permission.ACCESS_FINE_LOCATION
ADDED from Avcall-android/Avcall/AndroidManifest.xml:20:5-79
	android:name
		ADDED from Avcall-android/Avcall/AndroidManifest.xml:20:22-76
uses-permission#android.permission.GET_TASKS
ADDED from Avcall-android/Avcall/AndroidManifest.xml:21:5-68
	android:name
		ADDED from Avcall-android/Avcall/AndroidManifest.xml:21:22-65
uses-permission#android.permission.ACCESS_WIFI_STATE
ADDED from Avcall-android/Avcall/AndroidManifest.xml:22:5-76
	android:name
		ADDED from Avcall-android/Avcall/AndroidManifest.xml:22:22-73
uses-permission#android.permission.CHANGE_WIFI_STATE
ADDED from Avcall-android/Avcall/AndroidManifest.xml:23:5-76
	android:name
		ADDED from Avcall-android/Avcall/AndroidManifest.xml:23:22-73
uses-permission#android.permission.WAKE_LOCK
ADDED from Avcall-android/Avcall/AndroidManifest.xml:24:5-68
	android:name
		ADDED from Avcall-android/Avcall/AndroidManifest.xml:24:22-65
uses-permission#android.permission.MODIFY_AUDIO_SETTINGS
ADDED from Avcall-android/Avcall/AndroidManifest.xml:25:5-80
	android:name
		ADDED from Avcall-android/Avcall/AndroidManifest.xml:25:22-77
uses-permission#android.permission.READ_PHONE_STATE
ADDED from Avcall-android/Avcall/AndroidManifest.xml:26:5-75
	android:name
		ADDED from Avcall-android/Avcall/AndroidManifest.xml:26:22-72
uses-permission#android.permission.RECEIVE_BOOT_COMPLETED
ADDED from Avcall-android/Avcall/AndroidManifest.xml:27:5-81
	android:name
		ADDED from Avcall-android/Avcall/AndroidManifest.xml:27:22-78
uses-permission#android.permission.USE_CREDENTIALS
ADDED from Avcall-android/Avcall/AndroidManifest.xml:28:5-74
	android:name
		ADDED from Avcall-android/Avcall/AndroidManifest.xml:28:22-71
uses-permission#com.android.launcher.permission.READ_SETTINGS
ADDED from Avcall-android/Avcall/AndroidManifest.xml:29:5-85
	android:name
		ADDED from Avcall-android/Avcall/AndroidManifest.xml:29:22-82
uses-permission#android.permission.BROADCAST_STICKY
ADDED from Avcall-android/Avcall/AndroidManifest.xml:30:5-75
	android:name
		ADDED from Avcall-android/Avcall/AndroidManifest.xml:30:22-72
uses-permission#android.permission.WRITE_SETTINGS
ADDED from Avcall-android/Avcall/AndroidManifest.xml:31:5-73
	android:name
		ADDED from Avcall-android/Avcall/AndroidManifest.xml:31:22-70
uses-permission#android.permission.REQUEST_IGNORE_BATTERY_OPTIMIZATIONS
ADDED from Avcall-android/Avcall/AndroidManifest.xml:33:5-95
	android:name
		ADDED from Avcall-android/Avcall/AndroidManifest.xml:33:22-92
uses-permission#com.google.android.c2dm.permission.RECEIVE
ADDED from Avcall-android/Avcall/AndroidManifest.xml:34:5-82
	android:name
		ADDED from Avcall-android/Avcall/AndroidManifest.xml:34:22-79
permission#com.avcall.app.permission.C2D_MESSAGE
ADDED from Avcall-android/Avcall/AndroidManifest.xml:35:5-108
	android:protectionLevel
		ADDED from Avcall-android/Avcall/AndroidManifest.xml:35:70-105
	android:name
		ADDED from Avcall-android/Avcall/AndroidManifest.xml:35:17-69
uses-permission#com.avcall.app.permission.C2D_MESSAGE
ADDED from Avcall-android/Avcall/AndroidManifest.xml:36:5-77
	android:name
		ADDED from Avcall-android/Avcall/AndroidManifest.xml:36:22-74
permission#com.avcall.app.permission.MIPUSH_RECEIVE
ADDED from Avcall-android/Avcall/AndroidManifest.xml:37:5-111
	android:protectionLevel
		ADDED from Avcall-android/Avcall/AndroidManifest.xml:37:73-108
	android:name
		ADDED from Avcall-android/Avcall/AndroidManifest.xml:37:17-72
uses-permission#com.avcall.app.permission.MIPUSH_RECEIVE
ADDED from Avcall-android/Avcall/AndroidManifest.xml:38:5-80
	android:name
		ADDED from Avcall-android/Avcall/AndroidManifest.xml:38:22-77
uses-permission#android.permission.READ_EXTERNAL_STORAGE
ADDED from Avcall-android/Avcall/AndroidManifest.xml:40:5-80
	android:name
		ADDED from Avcall-android/Avcall/AndroidManifest.xml:40:22-77
application
ADDED from Avcall-android/Avcall/AndroidManifest.xml:42:5-492:19
	android:label
		ADDED from Avcall-android/Avcall/AndroidManifest.xml:46:9-41
	android:allowBackup
		ADDED from Avcall-android/Avcall/AndroidManifest.xml:44:9-35
	android:icon
		ADDED from Avcall-android/Avcall/AndroidManifest.xml:45:9-45
	android:name
		ADDED from Avcall-android/Avcall/AndroidManifest.xml:43:9-42
activity#com.avcall.app.ui.MainActivity
ADDED from Avcall-android/Avcall/AndroidManifest.xml:47:9-53:20
	android:screenOrientation
		ADDED from Avcall-android/Avcall/AndroidManifest.xml:50:13-49
	android:launchMode
		ADDED from Avcall-android/Avcall/AndroidManifest.xml:49:13-44
	android:windowSoftInputMode
		ADDED from Avcall-android/Avcall/AndroidManifest.xml:52:13-52
	android:theme
		ADDED from Avcall-android/Avcall/AndroidManifest.xml:51:13-52
	android:name
		ADDED from Avcall-android/Avcall/AndroidManifest.xml:48:13-44
activity#com.avcall.app.ui.SplashActivity
ADDED from Avcall-android/Avcall/AndroidManifest.xml:56:9-64:20
	android:screenOrientation
		ADDED from Avcall-android/Avcall/AndroidManifest.xml:58:13-49
	android:theme
		ADDED from Avcall-android/Avcall/AndroidManifest.xml:59:13-48
	android:name
		ADDED from Avcall-android/Avcall/AndroidManifest.xml:57:13-46
intent-filter#android.intent.action.MAIN+android.intent.category.LAUNCHER
ADDED from Avcall-android/Avcall/AndroidManifest.xml:60:13-63:29
action#android.intent.action.MAIN
ADDED from Avcall-android/Avcall/AndroidManifest.xml:61:17-69
	android:name
		ADDED from Avcall-android/Avcall/AndroidManifest.xml:61:25-66
category#android.intent.category.LAUNCHER
ADDED from Avcall-android/Avcall/AndroidManifest.xml:62:17-77
	android:name
		ADDED from Avcall-android/Avcall/AndroidManifest.xml:62:27-74
activity#com.avcall.app.ui.LoginActivity
ADDED from Avcall-android/Avcall/AndroidManifest.xml:67:9-72:20
	android:screenOrientation
		ADDED from Avcall-android/Avcall/AndroidManifest.xml:69:13-49
	android:windowSoftInputMode
		ADDED from Avcall-android/Avcall/AndroidManifest.xml:71:13-68
	android:theme
		ADDED from Avcall-android/Avcall/AndroidManifest.xml:70:13-52
	android:name
		ADDED from Avcall-android/Avcall/AndroidManifest.xml:68:13-45
activity#com.avcall.app.ui.RegisterActivity
ADDED from Avcall-android/Avcall/AndroidManifest.xml:75:9-80:20
	android:screenOrientation
		ADDED from Avcall-android/Avcall/AndroidManifest.xml:77:13-49
	android:windowSoftInputMode
		ADDED from Avcall-android/Avcall/AndroidManifest.xml:79:13-68
	android:theme
		ADDED from Avcall-android/Avcall/AndroidManifest.xml:78:13-52
	android:name
		ADDED from Avcall-android/Avcall/AndroidManifest.xml:76:13-48
activity#com.avcall.app.ui.ChatActivity
ADDED from Avcall-android/Avcall/AndroidManifest.xml:83:9-89:20
	android:screenOrientation
		ADDED from Avcall-android/Avcall/AndroidManifest.xml:86:13-49
	android:launchMode
		ADDED from Avcall-android/Avcall/AndroidManifest.xml:85:13-44
	android:windowSoftInputMode
		ADDED from Avcall-android/Avcall/AndroidManifest.xml:88:13-55
	android:theme
		ADDED from Avcall-android/Avcall/AndroidManifest.xml:87:13-52
	android:name
		ADDED from Avcall-android/Avcall/AndroidManifest.xml:84:13-44
activity#com.avcall.app.ui.AddContactActivity
ADDED from Avcall-android/Avcall/AndroidManifest.xml:92:9-97:20
	android:screenOrientation
		ADDED from Avcall-android/Avcall/AndroidManifest.xml:94:13-49
	android:windowSoftInputMode
		ADDED from Avcall-android/Avcall/AndroidManifest.xml:96:13-55
	android:theme
		ADDED from Avcall-android/Avcall/AndroidManifest.xml:95:13-52
	android:name
		ADDED from Avcall-android/Avcall/AndroidManifest.xml:93:13-50
activity#com.avcall.app.ui.GroupDetailsActivity
ADDED from Avcall-android/Avcall/AndroidManifest.xml:100:9-104:20
	android:screenOrientation
		ADDED from Avcall-android/Avcall/AndroidManifest.xml:102:13-49
	android:theme
		ADDED from Avcall-android/Avcall/AndroidManifest.xml:103:13-52
	android:name
		ADDED from Avcall-android/Avcall/AndroidManifest.xml:101:13-52
activity#com.avcall.app.ui.GroupsActivity
ADDED from Avcall-android/Avcall/AndroidManifest.xml:107:9-112:20
	android:screenOrientation
		ADDED from Avcall-android/Avcall/AndroidManifest.xml:109:13-49
	android:windowSoftInputMode
		ADDED from Avcall-android/Avcall/AndroidManifest.xml:111:13-52
	android:theme
		ADDED from Avcall-android/Avcall/AndroidManifest.xml:110:13-52
	android:name
		ADDED from Avcall-android/Avcall/AndroidManifest.xml:108:13-46
activity#com.avcall.app.ui.ChatRoomDetailsActivity
ADDED from Avcall-android/Avcall/AndroidManifest.xml:115:9-119:20
	android:screenOrientation
		ADDED from Avcall-android/Avcall/AndroidManifest.xml:117:13-49
	android:theme
		ADDED from Avcall-android/Avcall/AndroidManifest.xml:118:13-52
	android:name
		ADDED from Avcall-android/Avcall/AndroidManifest.xml:116:13-55
activity#com.avcall.app.ui.NewGroupActivity
ADDED from Avcall-android/Avcall/AndroidManifest.xml:122:9-127:20
	android:screenOrientation
		ADDED from Avcall-android/Avcall/AndroidManifest.xml:124:13-49
	android:windowSoftInputMode
		ADDED from Avcall-android/Avcall/AndroidManifest.xml:126:13-52
	android:theme
		ADDED from Avcall-android/Avcall/AndroidManifest.xml:125:13-52
	android:name
		ADDED from Avcall-android/Avcall/AndroidManifest.xml:123:13-48
activity#com.avcall.app.ui.ExitGroupDialog
ADDED from Avcall-android/Avcall/AndroidManifest.xml:130:9-134:20
	android:screenOrientation
		ADDED from Avcall-android/Avcall/AndroidManifest.xml:132:13-49
	android:theme
		ADDED from Avcall-android/Avcall/AndroidManifest.xml:133:13-55
	android:name
		ADDED from Avcall-android/Avcall/AndroidManifest.xml:131:13-47
activity#com.avcall.app.ui.GroupPickContactsActivity
ADDED from Avcall-android/Avcall/AndroidManifest.xml:137:9-142:20
	android:screenOrientation
		ADDED from Avcall-android/Avcall/AndroidManifest.xml:139:13-49
	android:windowSoftInputMode
		ADDED from Avcall-android/Avcall/AndroidManifest.xml:141:13-52
	android:theme
		ADDED from Avcall-android/Avcall/AndroidManifest.xml:140:13-52
	android:name
		ADDED from Avcall-android/Avcall/AndroidManifest.xml:138:13-57
activity#com.avcall.app.ui.PickAtUserActivity
ADDED from Avcall-android/Avcall/AndroidManifest.xml:144:9-148:20
	android:screenOrientation
		ADDED from Avcall-android/Avcall/AndroidManifest.xml:146:13-49
	android:theme
		ADDED from Avcall-android/Avcall/AndroidManifest.xml:147:13-52
	android:name
		ADDED from Avcall-android/Avcall/AndroidManifest.xml:145:13-50
activity#com.hyphenate.easeui.ui.EaseBaiduMapActivity
ADDED from Avcall-android/Avcall/AndroidManifest.xml:151:9-155:20
	android:screenOrientation
		ADDED from Avcall-android/Avcall/AndroidManifest.xml:153:13-49
	android:theme
		ADDED from Avcall-android/Avcall/AndroidManifest.xml:154:13-52
	android:name
		ADDED from Avcall-android/Avcall/AndroidManifest.xml:152:13-72
activity#com.avcall.app.ui.NewFriendsMsgActivity
ADDED from Avcall-android/Avcall/AndroidManifest.xml:158:9-162:20
	android:screenOrientation
		ADDED from Avcall-android/Avcall/AndroidManifest.xml:160:13-49
	android:theme
		ADDED from Avcall-android/Avcall/AndroidManifest.xml:161:13-52
	android:name
		ADDED from Avcall-android/Avcall/AndroidManifest.xml:159:13-53
activity#com.avcall.app.ui.ForwardMessageActivity
ADDED from Avcall-android/Avcall/AndroidManifest.xml:165:9-170:20
	android:screenOrientation
		ADDED from Avcall-android/Avcall/AndroidManifest.xml:167:13-49
	android:windowSoftInputMode
		ADDED from Avcall-android/Avcall/AndroidManifest.xml:169:13-52
	android:theme
		ADDED from Avcall-android/Avcall/AndroidManifest.xml:168:13-52
	android:name
		ADDED from Avcall-android/Avcall/AndroidManifest.xml:166:13-54
activity#com.avcall.app.ui.ContextMenuActivity
ADDED from Avcall-android/Avcall/AndroidManifest.xml:173:9-177:20
	android:screenOrientation
		ADDED from Avcall-android/Avcall/AndroidManifest.xml:175:13-49
	android:theme
		ADDED from Avcall-android/Avcall/AndroidManifest.xml:176:13-49
	android:name
		ADDED from Avcall-android/Avcall/AndroidManifest.xml:174:13-51
activity#com.hyphenate.easeui.ui.EaseShowBigImageActivity
ADDED from Avcall-android/Avcall/AndroidManifest.xml:180:9-184:20
	android:screenOrientation
		ADDED from Avcall-android/Avcall/AndroidManifest.xml:182:13-49
	android:theme
		ADDED from Avcall-android/Avcall/AndroidManifest.xml:183:13-52
	android:name
		ADDED from Avcall-android/Avcall/AndroidManifest.xml:181:13-76
activity#com.hyphenate.easeui.ui.EaseShowNormalFileActivity
ADDED from Avcall-android/Avcall/AndroidManifest.xml:187:9-191:20
	android:screenOrientation
		ADDED from Avcall-android/Avcall/AndroidManifest.xml:189:13-49
	android:theme
		ADDED from Avcall-android/Avcall/AndroidManifest.xml:190:13-52
	android:name
		ADDED from Avcall-android/Avcall/AndroidManifest.xml:188:13-78
activity#com.avcall.app.ui.BlacklistActivity
ADDED from Avcall-android/Avcall/AndroidManifest.xml:194:9-198:20
	android:screenOrientation
		ADDED from Avcall-android/Avcall/AndroidManifest.xml:196:13-49
	android:theme
		ADDED from Avcall-android/Avcall/AndroidManifest.xml:197:13-52
	android:name
		ADDED from Avcall-android/Avcall/AndroidManifest.xml:195:13-49
activity#com.avcall.app.ui.PublicGroupsActivity
ADDED from Avcall-android/Avcall/AndroidManifest.xml:201:9-206:20
	android:screenOrientation
		ADDED from Avcall-android/Avcall/AndroidManifest.xml:203:13-49
	android:windowSoftInputMode
		ADDED from Avcall-android/Avcall/AndroidManifest.xml:205:13-52
	android:theme
		ADDED from Avcall-android/Avcall/AndroidManifest.xml:204:13-52
	android:name
		ADDED from Avcall-android/Avcall/AndroidManifest.xml:202:13-52
activity#com.avcall.app.ui.PublicChatRoomsActivity
ADDED from Avcall-android/Avcall/AndroidManifest.xml:208:9-213:20
	android:screenOrientation
		ADDED from Avcall-android/Avcall/AndroidManifest.xml:210:13-49
	android:windowSoftInputMode
		ADDED from Avcall-android/Avcall/AndroidManifest.xml:212:13-52
	android:theme
		ADDED from Avcall-android/Avcall/AndroidManifest.xml:211:13-52
	android:name
		ADDED from Avcall-android/Avcall/AndroidManifest.xml:209:13-55
activity#com.avcall.app.ui.VoiceCallActivity
ADDED from Avcall-android/Avcall/AndroidManifest.xml:216:9-221:20
	android:screenOrientation
		ADDED from Avcall-android/Avcall/AndroidManifest.xml:219:13-49
	android:launchMode
		ADDED from Avcall-android/Avcall/AndroidManifest.xml:218:13-44
	android:theme
		ADDED from Avcall-android/Avcall/AndroidManifest.xml:220:13-48
	android:name
		ADDED from Avcall-android/Avcall/AndroidManifest.xml:217:13-49
activity#com.avcall.app.ui.VideoCallActivity
ADDED from Avcall-android/Avcall/AndroidManifest.xml:224:9-230:20
	android:screenOrientation
		ADDED from Avcall-android/Avcall/AndroidManifest.xml:228:13-49
	android:launchMode
		ADDED from Avcall-android/Avcall/AndroidManifest.xml:227:13-44
	android:configChanges
		ADDED from Avcall-android/Avcall/AndroidManifest.xml:226:13-74
	android:theme
		ADDED from Avcall-android/Avcall/AndroidManifest.xml:229:13-52
	android:name
		ADDED from Avcall-android/Avcall/AndroidManifest.xml:225:13-49
activity#com.avcall.app.ui.GroupSimpleDetailActivity
ADDED from Avcall-android/Avcall/AndroidManifest.xml:233:9-237:20
	android:screenOrientation
		ADDED from Avcall-android/Avcall/AndroidManifest.xml:235:13-49
	android:theme
		ADDED from Avcall-android/Avcall/AndroidManifest.xml:236:13-52
	android:name
		ADDED from Avcall-android/Avcall/AndroidManifest.xml:234:13-57
activity#com.avcall.app.ui.GroupBlacklistActivity
ADDED from Avcall-android/Avcall/AndroidManifest.xml:240:9-244:20
	android:screenOrientation
		ADDED from Avcall-android/Avcall/AndroidManifest.xml:242:13-49
	android:theme
		ADDED from Avcall-android/Avcall/AndroidManifest.xml:243:13-52
	android:name
		ADDED from Avcall-android/Avcall/AndroidManifest.xml:241:13-54
activity#com.avcall.app.ui.GroupSearchMessageActivity
ADDED from Avcall-android/Avcall/AndroidManifest.xml:246:9-251:20
	android:screenOrientation
		ADDED from Avcall-android/Avcall/AndroidManifest.xml:248:13-49
	android:windowSoftInputMode
		ADDED from Avcall-android/Avcall/AndroidManifest.xml:250:13-55
	android:theme
		ADDED from Avcall-android/Avcall/AndroidManifest.xml:249:13-52
	android:name
		ADDED from Avcall-android/Avcall/AndroidManifest.xml:247:13-58
activity#com.avcall.app.ui.PublicGroupsSeachActivity
ADDED from Avcall-android/Avcall/AndroidManifest.xml:253:9-257:20
	android:screenOrientation
		ADDED from Avcall-android/Avcall/AndroidManifest.xml:255:13-49
	android:theme
		ADDED from Avcall-android/Avcall/AndroidManifest.xml:256:13-52
	android:name
		ADDED from Avcall-android/Avcall/AndroidManifest.xml:254:13-57
activity#com.avcall.app.ui.EditActivity
ADDED from Avcall-android/Avcall/AndroidManifest.xml:259:9-264:20
	android:screenOrientation
		ADDED from Avcall-android/Avcall/AndroidManifest.xml:261:13-49
	android:windowSoftInputMode
		ADDED from Avcall-android/Avcall/AndroidManifest.xml:263:13-55
	android:theme
		ADDED from Avcall-android/Avcall/AndroidManifest.xml:262:13-52
	android:name
		ADDED from Avcall-android/Avcall/AndroidManifest.xml:260:13-44
activity#com.hyphenate.easeui.ui.EaseShowVideoActivity
ADDED from Avcall-android/Avcall/AndroidManifest.xml:266:9-271:20
	android:screenOrientation
		ADDED from Avcall-android/Avcall/AndroidManifest.xml:268:13-49
	android:windowSoftInputMode
		ADDED from Avcall-android/Avcall/AndroidManifest.xml:270:13-60
	android:theme
		ADDED from Avcall-android/Avcall/AndroidManifest.xml:269:13-52
	android:name
		ADDED from Avcall-android/Avcall/AndroidManifest.xml:267:13-73
activity#com.avcall.app.ui.ImageGridActivity
ADDED from Avcall-android/Avcall/AndroidManifest.xml:274:9-279:20
	android:screenOrientation
		ADDED from Avcall-android/Avcall/AndroidManifest.xml:276:13-49
	android:windowSoftInputMode
		ADDED from Avcall-android/Avcall/AndroidManifest.xml:278:13-60
	android:theme
		ADDED from Avcall-android/Avcall/AndroidManifest.xml:277:13-52
	android:name
		ADDED from Avcall-android/Avcall/AndroidManifest.xml:275:13-49
activity#com.avcall.app.ui.RecorderVideoActivity
ADDED from Avcall-android/Avcall/AndroidManifest.xml:281:9-286:20
	android:screenOrientation
		ADDED from Avcall-android/Avcall/AndroidManifest.xml:283:13-49
	android:windowSoftInputMode
		ADDED from Avcall-android/Avcall/AndroidManifest.xml:285:13-60
	android:theme
		ADDED from Avcall-android/Avcall/AndroidManifest.xml:284:13-52
	android:name
		ADDED from Avcall-android/Avcall/AndroidManifest.xml:282:13-53
activity#com.avcall.app.ui.RobotsActivity
ADDED from Avcall-android/Avcall/AndroidManifest.xml:289:9-294:20
	android:screenOrientation
		ADDED from Avcall-android/Avcall/AndroidManifest.xml:291:13-49
	android:windowSoftInputMode
		ADDED from Avcall-android/Avcall/AndroidManifest.xml:293:13-60
	android:theme
		ADDED from Avcall-android/Avcall/AndroidManifest.xml:292:13-52
	android:name
		ADDED from Avcall-android/Avcall/AndroidManifest.xml:290:13-46
activity#com.avcall.app.ui.UserProfileActivity
ADDED from Avcall-android/Avcall/AndroidManifest.xml:297:9-300:55
	android:screenOrientation
		ADDED from Avcall-android/Avcall/AndroidManifest.xml:299:13-49
	android:theme
		ADDED from Avcall-android/Avcall/AndroidManifest.xml:300:13-52
	android:name
		ADDED from Avcall-android/Avcall/AndroidManifest.xml:298:13-51
activity#com.easemob.redpacketui.ui.activity.RPRedPacketActivity
ADDED from Avcall-android/Avcall/AndroidManifest.xml:304:9-308:68
	android:screenOrientation
		ADDED from Avcall-android/Avcall/AndroidManifest.xml:306:13-49
	android:windowSoftInputMode
		ADDED from Avcall-android/Avcall/AndroidManifest.xml:308:13-65
	android:theme
		ADDED from Avcall-android/Avcall/AndroidManifest.xml:307:13-52
	android:name
		ADDED from Avcall-android/Avcall/AndroidManifest.xml:305:13-83
activity#com.easemob.redpacketui.ui.activity.RPDetailActivity
ADDED from Avcall-android/Avcall/AndroidManifest.xml:310:9-314:55
	android:screenOrientation
		ADDED from Avcall-android/Avcall/AndroidManifest.xml:312:13-49
	android:windowSoftInputMode
		ADDED from Avcall-android/Avcall/AndroidManifest.xml:314:13-52
	android:theme
		ADDED from Avcall-android/Avcall/AndroidManifest.xml:313:13-52
	android:name
		ADDED from Avcall-android/Avcall/AndroidManifest.xml:311:13-80
activity#com.easemob.redpacketui.ui.activity.RPRecordActivity
ADDED from Avcall-android/Avcall/AndroidManifest.xml:316:9-320:55
	android:screenOrientation
		ADDED from Avcall-android/Avcall/AndroidManifest.xml:318:13-49
	android:windowSoftInputMode
		ADDED from Avcall-android/Avcall/AndroidManifest.xml:320:13-52
	android:theme
		ADDED from Avcall-android/Avcall/AndroidManifest.xml:319:13-52
	android:name
		ADDED from Avcall-android/Avcall/AndroidManifest.xml:317:13-80
activity#com.easemob.redpacketui.ui.activity.RPWebViewActivity
ADDED from Avcall-android/Avcall/AndroidManifest.xml:322:9-326:70
	android:screenOrientation
		ADDED from Avcall-android/Avcall/AndroidManifest.xml:324:13-49
	android:windowSoftInputMode
		ADDED from Avcall-android/Avcall/AndroidManifest.xml:326:13-67
	android:theme
		ADDED from Avcall-android/Avcall/AndroidManifest.xml:325:13-52
	android:name
		ADDED from Avcall-android/Avcall/AndroidManifest.xml:323:13-81
activity#com.easemob.redpacketui.ui.activity.RPChangeActivity
ADDED from Avcall-android/Avcall/AndroidManifest.xml:328:9-332:70
	android:screenOrientation
		ADDED from Avcall-android/Avcall/AndroidManifest.xml:330:13-49
	android:windowSoftInputMode
		ADDED from Avcall-android/Avcall/AndroidManifest.xml:332:13-67
	android:theme
		ADDED from Avcall-android/Avcall/AndroidManifest.xml:331:13-52
	android:name
		ADDED from Avcall-android/Avcall/AndroidManifest.xml:329:13-80
activity#com.easemob.redpacketui.ui.activity.RPBankCardActivity
ADDED from Avcall-android/Avcall/AndroidManifest.xml:334:9-338:67
	android:screenOrientation
		ADDED from Avcall-android/Avcall/AndroidManifest.xml:336:13-49
	android:windowSoftInputMode
		ADDED from Avcall-android/Avcall/AndroidManifest.xml:338:13-64
	android:theme
		ADDED from Avcall-android/Avcall/AndroidManifest.xml:337:13-52
	android:name
		ADDED from Avcall-android/Avcall/AndroidManifest.xml:335:13-82
activity#com.easemob.redpacketui.ui.activity.RPGroupMemberActivity
ADDED from Avcall-android/Avcall/AndroidManifest.xml:340:9-344:67
	android:screenOrientation
		ADDED from Avcall-android/Avcall/AndroidManifest.xml:342:13-49
	android:windowSoftInputMode
		ADDED from Avcall-android/Avcall/AndroidManifest.xml:344:13-64
	android:theme
		ADDED from Avcall-android/Avcall/AndroidManifest.xml:343:13-52
	android:name
		ADDED from Avcall-android/Avcall/AndroidManifest.xml:341:13-85
activity#com.alipay.sdk.app.H5PayActivity
ADDED from Avcall-android/Avcall/AndroidManifest.xml:346:9-351:70
	android:screenOrientation
		ADDED from Avcall-android/Avcall/AndroidManifest.xml:350:13-47
	android:exported
		ADDED from Avcall-android/Avcall/AndroidManifest.xml:349:13-37
	android:windowSoftInputMode
		ADDED from Avcall-android/Avcall/AndroidManifest.xml:351:13-67
	android:configChanges
		ADDED from Avcall-android/Avcall/AndroidManifest.xml:348:13-85
	android:name
		ADDED from Avcall-android/Avcall/AndroidManifest.xml:347:13-60
receiver#com.avcall.app.receiver.StartServiceReceiver
ADDED from Avcall-android/Avcall/AndroidManifest.xml:356:9-362:20
	android:name
		ADDED from Avcall-android/Avcall/AndroidManifest.xml:356:19-64
intent-filter#android.intent.action.BOOT_COMPLETED+android.intent.action.QUICKBOOT_POWERON+android.intent.category.LAUNCHER
ADDED from Avcall-android/Avcall/AndroidManifest.xml:357:13-361:29
	android:priority
		ADDED from Avcall-android/Avcall/AndroidManifest.xml:357:28-51
action#android.intent.action.BOOT_COMPLETED
ADDED from Avcall-android/Avcall/AndroidManifest.xml:358:17-79
	android:name
		ADDED from Avcall-android/Avcall/AndroidManifest.xml:358:25-76
action#android.intent.action.QUICKBOOT_POWERON
ADDED from Avcall-android/Avcall/AndroidManifest.xml:359:17-82
	android:name
		ADDED from Avcall-android/Avcall/AndroidManifest.xml:359:25-79
receiver#com.hyphenate.chat.EMGCMBroadcastReceiver
ADDED from Avcall-android/Avcall/AndroidManifest.xml:365:9-373:20
	android:exported
		ADDED from Avcall-android/Avcall/AndroidManifest.xml:367:13-36
	android:permission
		ADDED from Avcall-android/Avcall/AndroidManifest.xml:368:13-73
	android:name
		ADDED from Avcall-android/Avcall/AndroidManifest.xml:366:13-69
intent-filter#com.avcall.app+com.google.android.c2dm.intent.RECEIVE
ADDED from Avcall-android/Avcall/AndroidManifest.xml:369:13-372:29
action#com.google.android.c2dm.intent.RECEIVE
ADDED from Avcall-android/Avcall/AndroidManifest.xml:370:17-81
	android:name
		ADDED from Avcall-android/Avcall/AndroidManifest.xml:370:25-78
category#com.avcall.app
ADDED from Avcall-android/Avcall/AndroidManifest.xml:371:17-59
	android:name
		ADDED from Avcall-android/Avcall/AndroidManifest.xml:371:27-56
service#com.hyphenate.chat.EMGCMListenerService
ADDED from Avcall-android/Avcall/AndroidManifest.xml:375:9-378:19
	android:exported
		ADDED from Avcall-android/Avcall/AndroidManifest.xml:377:13-37
	android:name
		ADDED from Avcall-android/Avcall/AndroidManifest.xml:376:13-67
receiver#com.avcall.app.receiver.GCMPushBroadCast
ADDED from Avcall-android/Avcall/AndroidManifest.xml:380:9-387:20
	android:exported
		ADDED from Avcall-android/Avcall/AndroidManifest.xml:382:13-37
	android:name
		ADDED from Avcall-android/Avcall/AndroidManifest.xml:381:13-54
intent-filter#com.avcall.app+com.avcall.app.push
ADDED from Avcall-android/Avcall/AndroidManifest.xml:383:13-386:29
action#com.avcall.app.push
ADDED from Avcall-android/Avcall/AndroidManifest.xml:384:17-62
	android:name
		ADDED from Avcall-android/Avcall/AndroidManifest.xml:384:25-59
service#com.xiaomi.mipush.sdk.PushMessageHandler
ADDED from Avcall-android/Avcall/AndroidManifest.xml:391:9-396:19
	android:enabled
		ADDED from Avcall-android/Avcall/AndroidManifest.xml:393:13-35
	android:exported
		ADDED from Avcall-android/Avcall/AndroidManifest.xml:394:13-36
	tools:ignore
		ADDED from Avcall-android/Avcall/AndroidManifest.xml:395:13-43
	android:name
		ADDED from Avcall-android/Avcall/AndroidManifest.xml:392:13-68
service#com.xiaomi.mipush.sdk.MessageHandleService
ADDED from Avcall-android/Avcall/AndroidManifest.xml:398:9-401:19
	android:enabled
		ADDED from Avcall-android/Avcall/AndroidManifest.xml:400:13-35
	android:name
		ADDED from Avcall-android/Avcall/AndroidManifest.xml:399:13-70
receiver#com.hyphenate.chat.EMMipushReceiver
ADDED from Avcall-android/Avcall/AndroidManifest.xml:403:9-416:20
	android:exported
		ADDED from Avcall-android/Avcall/AndroidManifest.xml:405:13-36
	tools:ignore
		ADDED from Avcall-android/Avcall/AndroidManifest.xml:406:13-44
	android:name
		ADDED from Avcall-android/Avcall/AndroidManifest.xml:404:13-63
intent-filter#com.xiaomi.mipush.RECEIVE_MESSAGE
ADDED from Avcall-android/Avcall/AndroidManifest.xml:407:13-409:29
action#com.xiaomi.mipush.RECEIVE_MESSAGE
ADDED from Avcall-android/Avcall/AndroidManifest.xml:408:17-76
	android:name
		ADDED from Avcall-android/Avcall/AndroidManifest.xml:408:25-73
intent-filter#com.xiaomi.mipush.MESSAGE_ARRIVED